2023-09-20T18:30:46,437 - Requests4XX.Count:1.0|#Level:Host|#hostname:ps2sxr1b9,timestamp:1695234646
2023-09-20T18:47:30,498 - WorkerLoadTime.Milliseconds:907.0|#WorkerName:W-9000-test_model_1.0,Level:Host|#hostname:ps2sxr1b9,timestamp:1695235650
2023-09-20T18:47:30,498 - WorkerThreadTime.Milliseconds:33.0|#Level:Host|#hostname:ps2sxr1b9,timestamp:1695235650
2023-09-20T18:49:51,967 - WorkerLoadTime.Milliseconds:914.0|#WorkerName:W-9000-test_model_1.0,Level:Host|#hostname:ps2sxr1b9,timestamp:1695235791
2023-09-20T18:49:51,967 - WorkerThreadTime.Milliseconds:39.0|#Level:Host|#hostname:ps2sxr1b9,timestamp:1695235791
2023-09-20T18:50:47,723 - WorkerLoadTime.Milliseconds:1011.0|#WorkerName:W-9000-test_model_1.0,Level:Host|#hostname:ps2sxr1b9,timestamp:1695235847
2023-09-20T18:50:47,723 - WorkerThreadTime.Milliseconds:35.0|#Level:Host|#hostname:ps2sxr1b9,timestamp:1695235847
2023-09-20T18:54:43,104 - WorkerLoadTime.Milliseconds:936.0|#WorkerName:W-9000-test_model_1.0,Level:Host|#hostname:ps2sxr1b9,timestamp:1695236083
2023-09-20T18:54:43,104 - WorkerThreadTime.Milliseconds:35.0|#Level:Host|#hostname:ps2sxr1b9,timestamp:1695236083
2023-09-20T18:57:23,747 - WorkerLoadTime.Milliseconds:938.0|#WorkerName:W-9000-test_model_1.0,Level:Host|#hostname:ps2sxr1b9,timestamp:1695236243
2023-09-20T18:57:23,748 - WorkerThreadTime.Milliseconds:37.0|#Level:Host|#hostname:ps2sxr1b9,timestamp:1695236243
2023-09-20T19:09:41,909 - WorkerLoadTime.Milliseconds:1070.0|#WorkerName:W-9000-test_model_1.0,Level:Host|#hostname:ps2sxr1b9,timestamp:1695236981
2023-09-20T19:09:41,909 - WorkerThreadTime.Milliseconds:38.0|#Level:Host|#hostname:ps2sxr1b9,timestamp:1695236981
2023-09-20T19:12:52,008 - WorkerLoadTime.Milliseconds:1479.0|#WorkerName:W-9000-test_model_1.0,Level:Host|#hostname:ps2sxr1b9,timestamp:1695237172
2023-09-20T19:12:52,009 - WorkerThreadTime.Milliseconds:46.0|#Level:Host|#hostname:ps2sxr1b9,timestamp:1695237172
2023-09-20T19:20:14,468 - WorkerLoadTime.Milliseconds:1460.0|#WorkerName:W-9000-test_model_1.0,Level:Host|#hostname:ps2sxr1b9,timestamp:1695237614
2023-09-20T19:20:14,470 - WorkerThreadTime.Milliseconds:44.0|#Level:Host|#hostname:ps2sxr1b9,timestamp:1695237614
2023-09-20T19:28:01,690 - WorkerLoadTime.Milliseconds:3483.0|#WorkerName:W-9000-test_model_1.0,Level:Host|#hostname:ps2sxr1b9,timestamp:1695238081
2023-09-20T19:28:01,691 - WorkerThreadTime.Milliseconds:41.0|#Level:Host|#hostname:ps2sxr1b9,timestamp:1695238081
2023-09-20T19:29:05,406 - Requests2XX.Count:1.0|#Level:Host|#hostname:ps2sxr1b9,timestamp:1695238145
2023-09-20T19:30:33,842 - ts_inference_requests_total.Count:1.0|#model_name:test_model,model_version:default|#hostname:ps2sxr1b9,timestamp:1695238233
2023-09-20T19:30:33,849 - Requests5XX.Count:1.0|#Level:Host|#hostname:ps2sxr1b9,timestamp:1695238233
2023-09-20T19:30:33,849 - WorkerThreadTime.Milliseconds:4.0|#Level:Host|#hostname:ps2sxr1b9,timestamp:1695238233
2023-09-20T19:31:11,615 - ts_inference_requests_total.Count:1.0|#model_name:test_model,model_version:default|#hostname:ps2sxr1b9,timestamp:1695238271
2023-09-20T19:31:11,619 - Requests5XX.Count:1.0|#Level:Host|#hostname:ps2sxr1b9,timestamp:1695238271
2023-09-20T19:31:11,620 - WorkerThreadTime.Milliseconds:3.0|#Level:Host|#hostname:ps2sxr1b9,timestamp:1695238271
2023-09-20T19:31:47,458 - WorkerLoadTime.Milliseconds:3412.0|#WorkerName:W-9000-test_model_1.0,Level:Host|#hostname:ps2sxr1b9,timestamp:1695238307
2023-09-20T19:31:47,459 - WorkerThreadTime.Milliseconds:41.0|#Level:Host|#hostname:ps2sxr1b9,timestamp:1695238307
2023-09-20T19:31:57,322 - ts_inference_requests_total.Count:1.0|#model_name:test_model,model_version:default|#hostname:ps2sxr1b9,timestamp:1695238317
2023-09-20T19:31:57,333 - Requests5XX.Count:1.0|#Level:Host|#hostname:ps2sxr1b9,timestamp:1695238317
2023-09-20T19:31:57,334 - WorkerThreadTime.Milliseconds:8.0|#Level:Host|#hostname:ps2sxr1b9,timestamp:1695238317
2023-09-20T19:32:27,845 - ts_inference_requests_total.Count:1.0|#model_name:test_model,model_version:default|#hostname:ps2sxr1b9,timestamp:1695238347
2023-09-20T19:32:29,796 - WorkerLoadTime.Milliseconds:3484.0|#WorkerName:W-9000-test_model_1.0,Level:Host|#hostname:ps2sxr1b9,timestamp:1695238349
2023-09-20T19:32:29,796 - WorkerThreadTime.Milliseconds:37.0|#Level:Host|#hostname:ps2sxr1b9,timestamp:1695238349
2023-09-20T19:32:29,884 - Requests5XX.Count:1.0|#Level:Host|#hostname:ps2sxr1b9,timestamp:1695238349
2023-09-20T19:32:29,888 - WorkerThreadTime.Milliseconds:11.0|#Level:Host|#hostname:ps2sxr1b9,timestamp:1695238349
2023-09-20T19:34:44,393 - WorkerLoadTime.Milliseconds:3478.0|#WorkerName:W-9000-test_model_1.0,Level:Host|#hostname:ps2sxr1b9,timestamp:1695238484
2023-09-20T19:34:44,393 - WorkerThreadTime.Milliseconds:37.0|#Level:Host|#hostname:ps2sxr1b9,timestamp:1695238484
2023-09-20T19:34:50,458 - ts_inference_requests_total.Count:1.0|#model_name:test_model,model_version:default|#hostname:ps2sxr1b9,timestamp:1695238490
2023-09-20T19:34:50,471 - Requests5XX.Count:1.0|#Level:Host|#hostname:ps2sxr1b9,timestamp:1695238490
2023-09-20T19:34:50,473 - WorkerThreadTime.Milliseconds:10.0|#Level:Host|#hostname:ps2sxr1b9,timestamp:1695238490
2023-09-20T19:35:53,457 - WorkerLoadTime.Milliseconds:3533.0|#WorkerName:W-9000-test_model_1.0,Level:Host|#hostname:ps2sxr1b9,timestamp:1695238553
2023-09-20T19:35:53,458 - WorkerThreadTime.Milliseconds:36.0|#Level:Host|#hostname:ps2sxr1b9,timestamp:1695238553
2023-09-20T19:35:55,675 - ts_inference_requests_total.Count:1.0|#model_name:test_model,model_version:default|#hostname:ps2sxr1b9,timestamp:1695238555
2023-09-20T19:35:55,687 - Requests5XX.Count:1.0|#Level:Host|#hostname:ps2sxr1b9,timestamp:1695238555
2023-09-20T19:35:55,688 - WorkerThreadTime.Milliseconds:9.0|#Level:Host|#hostname:ps2sxr1b9,timestamp:1695238555
2023-09-20T19:36:44,658 - WorkerLoadTime.Milliseconds:3544.0|#WorkerName:W-9000-test_model_1.0,Level:Host|#hostname:ps2sxr1b9,timestamp:1695238604
2023-09-20T19:36:44,658 - WorkerThreadTime.Milliseconds:38.0|#Level:Host|#hostname:ps2sxr1b9,timestamp:1695238604
2023-09-20T19:36:45,969 - ts_inference_requests_total.Count:1.0|#model_name:test_model,model_version:default|#hostname:ps2sxr1b9,timestamp:1695238605
2023-09-20T19:36:45,980 - Requests5XX.Count:1.0|#Level:Host|#hostname:ps2sxr1b9,timestamp:1695238605
2023-09-20T19:36:45,980 - WorkerThreadTime.Milliseconds:8.0|#Level:Host|#hostname:ps2sxr1b9,timestamp:1695238605
2023-09-20T19:37:05,711 - ts_inference_requests_total.Count:1.0|#model_name:test_model,model_version:default|#hostname:ps2sxr1b9,timestamp:1695238625
2023-09-20T19:37:05,715 - Requests5XX.Count:1.0|#Level:Host|#hostname:ps2sxr1b9,timestamp:1695238625
2023-09-20T19:37:05,716 - WorkerThreadTime.Milliseconds:3.0|#Level:Host|#hostname:ps2sxr1b9,timestamp:1695238625
2023-09-20T19:55:22,239 - WorkerLoadTime.Milliseconds:4183.0|#WorkerName:W-9000-test_model_1.0,Level:Host|#hostname:ps2sxr1b9,timestamp:1695239722
2023-09-20T19:55:22,239 - WorkerThreadTime.Milliseconds:44.0|#Level:Host|#hostname:ps2sxr1b9,timestamp:1695239722
2023-09-20T19:55:30,368 - ts_inference_requests_total.Count:1.0|#model_name:test_model,model_version:default|#hostname:ps2sxr1b9,timestamp:1695239730
2023-09-20T19:55:30,382 - Requests5XX.Count:1.0|#Level:Host|#hostname:ps2sxr1b9,timestamp:1695239730
2023-09-20T19:55:30,384 - WorkerThreadTime.Milliseconds:11.0|#Level:Host|#hostname:ps2sxr1b9,timestamp:1695239730
2023-09-20T19:56:10,171 - ts_inference_requests_total.Count:1.0|#model_name:test_model,model_version:default|#hostname:ps2sxr1b9,timestamp:1695239770
2023-09-20T19:56:13,150 - WorkerLoadTime.Milliseconds:4238.0|#WorkerName:W-9000-test_model_1.0,Level:Host|#hostname:ps2sxr1b9,timestamp:1695239773
2023-09-20T19:56:13,151 - WorkerThreadTime.Milliseconds:47.0|#Level:Host|#hostname:ps2sxr1b9,timestamp:1695239773
2023-09-20T19:56:13,250 - Requests5XX.Count:1.0|#Level:Host|#hostname:ps2sxr1b9,timestamp:1695239773
2023-09-20T19:56:13,251 - WorkerThreadTime.Milliseconds:8.0|#Level:Host|#hostname:ps2sxr1b9,timestamp:1695239773
2023-09-20T19:57:23,162 - WorkerLoadTime.Milliseconds:4485.0|#WorkerName:W-9000-test_model_1.0,Level:Host|#hostname:ps2sxr1b9,timestamp:1695239843
2023-09-20T19:57:23,163 - WorkerThreadTime.Milliseconds:47.0|#Level:Host|#hostname:ps2sxr1b9,timestamp:1695239843
2023-09-20T19:57:27,652 - ts_inference_requests_total.Count:1.0|#model_name:test_model,model_version:default|#hostname:ps2sxr1b9,timestamp:1695239847
2023-09-20T19:57:27,666 - Requests5XX.Count:1.0|#Level:Host|#hostname:ps2sxr1b9,timestamp:1695239847
2023-09-20T19:57:27,670 - WorkerThreadTime.Milliseconds:9.0|#Level:Host|#hostname:ps2sxr1b9,timestamp:1695239847
2023-09-20T19:57:54,486 - ts_inference_requests_total.Count:1.0|#model_name:test_model,model_version:default|#hostname:ps2sxr1b9,timestamp:1695239874
2023-09-20T19:57:57,911 - WorkerLoadTime.Milliseconds:4532.0|#WorkerName:W-9000-test_model_1.0,Level:Host|#hostname:ps2sxr1b9,timestamp:1695239877
2023-09-20T19:57:57,912 - WorkerThreadTime.Milliseconds:38.0|#Level:Host|#hostname:ps2sxr1b9,timestamp:1695239877
2023-09-20T19:57:57,925 - Requests5XX.Count:1.0|#Level:Host|#hostname:ps2sxr1b9,timestamp:1695239877
2023-09-20T19:57:57,926 - WorkerThreadTime.Milliseconds:12.0|#Level:Host|#hostname:ps2sxr1b9,timestamp:1695239877
2023-09-20T19:58:12,462 - ts_inference_requests_total.Count:1.0|#model_name:test_model,model_version:default|#hostname:ps2sxr1b9,timestamp:1695239892
2023-09-20T19:58:12,469 - Requests5XX.Count:1.0|#Level:Host|#hostname:ps2sxr1b9,timestamp:1695239892
2023-09-20T19:58:12,470 - WorkerThreadTime.Milliseconds:4.0|#Level:Host|#hostname:ps2sxr1b9,timestamp:1695239892
2023-09-20T20:02:19,337 - ts_inference_requests_total.Count:1.0|#model_name:test_model,model_version:default|#hostname:ps2sxr1b9,timestamp:1695240139
2023-09-20T20:02:21,130 - WorkerLoadTime.Milliseconds:4102.0|#WorkerName:W-9000-test_model_1.0,Level:Host|#hostname:ps2sxr1b9,timestamp:1695240141
2023-09-20T20:02:21,131 - WorkerThreadTime.Milliseconds:45.0|#Level:Host|#hostname:ps2sxr1b9,timestamp:1695240141
2023-09-20T20:02:21,232 - Requests5XX.Count:1.0|#Level:Host|#hostname:ps2sxr1b9,timestamp:1695240141
2023-09-20T20:02:21,234 - WorkerThreadTime.Milliseconds:8.0|#Level:Host|#hostname:ps2sxr1b9,timestamp:1695240141
2023-09-20T20:03:36,359 - ts_inference_requests_total.Count:1.0|#model_name:test_model,model_version:default|#hostname:ps2sxr1b9,timestamp:1695240216
2023-09-20T20:03:38,661 - WorkerLoadTime.Milliseconds:4194.0|#WorkerName:W-9000-test_model_1.0,Level:Host|#hostname:ps2sxr1b9,timestamp:1695240218
2023-09-20T20:03:38,662 - WorkerThreadTime.Milliseconds:53.0|#Level:Host|#hostname:ps2sxr1b9,timestamp:1695240218
2023-09-20T20:03:38,680 - Requests5XX.Count:1.0|#Level:Host|#hostname:ps2sxr1b9,timestamp:1695240218
2023-09-20T20:03:38,680 - WorkerThreadTime.Milliseconds:9.0|#Level:Host|#hostname:ps2sxr1b9,timestamp:1695240218
2023-09-20T20:05:53,687 - ts_inference_requests_total.Count:1.0|#model_name:test_model,model_version:default|#hostname:ps2sxr1b9,timestamp:1695240353
2023-09-20T20:05:57,553 - WorkerLoadTime.Milliseconds:4398.0|#WorkerName:W-9000-test_model_1.0,Level:Host|#hostname:ps2sxr1b9,timestamp:1695240357
2023-09-20T20:05:57,554 - WorkerThreadTime.Milliseconds:27.0|#Level:Host|#hostname:ps2sxr1b9,timestamp:1695240357
2023-09-20T20:05:57,584 - Requests5XX.Count:1.0|#Level:Host|#hostname:ps2sxr1b9,timestamp:1695240357
2023-09-20T20:05:57,588 - WorkerThreadTime.Milliseconds:13.0|#Level:Host|#hostname:ps2sxr1b9,timestamp:1695240357
2023-09-20T20:06:44,167 - ts_inference_requests_total.Count:1.0|#model_name:test_model,model_version:default|#hostname:ps2sxr1b9,timestamp:1695240404
2023-09-20T20:06:46,580 - WorkerLoadTime.Milliseconds:3922.0|#WorkerName:W-9000-test_model_1.0,Level:Host|#hostname:ps2sxr1b9,timestamp:1695240406
2023-09-20T20:06:46,581 - WorkerThreadTime.Milliseconds:44.0|#Level:Host|#hostname:ps2sxr1b9,timestamp:1695240406
2023-09-20T20:06:46,608 - Requests5XX.Count:1.0|#Level:Host|#hostname:ps2sxr1b9,timestamp:1695240406
2023-09-20T20:06:46,609 - WorkerThreadTime.Milliseconds:9.0|#Level:Host|#hostname:ps2sxr1b9,timestamp:1695240406
2023-09-20T20:08:39,551 - ts_inference_requests_total.Count:1.0|#model_name:test_model,model_version:default|#hostname:ps2sxr1b9,timestamp:1695240519
2023-09-20T20:08:43,151 - WorkerLoadTime.Milliseconds:3992.0|#WorkerName:W-9000-test_model_1.0,Level:Host|#hostname:ps2sxr1b9,timestamp:1695240523
2023-09-20T20:08:43,151 - WorkerThreadTime.Milliseconds:25.0|#Level:Host|#hostname:ps2sxr1b9,timestamp:1695240523
2023-09-20T20:08:43,178 - Requests5XX.Count:1.0|#Level:Host|#hostname:ps2sxr1b9,timestamp:1695240523
2023-09-20T20:08:43,179 - WorkerThreadTime.Milliseconds:8.0|#Level:Host|#hostname:ps2sxr1b9,timestamp:1695240523
2023-09-20T20:09:31,662 - ts_inference_requests_total.Count:1.0|#model_name:test_model,model_version:default|#hostname:ps2sxr1b9,timestamp:1695240571
2023-09-20T20:09:35,300 - WorkerLoadTime.Milliseconds:3898.0|#WorkerName:W-9000-test_model_1.0,Level:Host|#hostname:ps2sxr1b9,timestamp:1695240575
2023-09-20T20:09:35,301 - WorkerThreadTime.Milliseconds:26.0|#Level:Host|#hostname:ps2sxr1b9,timestamp:1695240575
2023-09-20T20:09:35,329 - Requests5XX.Count:1.0|#Level:Host|#hostname:ps2sxr1b9,timestamp:1695240575
2023-09-20T20:09:35,331 - WorkerThreadTime.Milliseconds:8.0|#Level:Host|#hostname:ps2sxr1b9,timestamp:1695240575
2023-09-20T20:10:02,467 - ts_inference_requests_total.Count:1.0|#model_name:test_model,model_version:default|#hostname:ps2sxr1b9,timestamp:1695240602
2023-09-20T20:10:05,938 - WorkerLoadTime.Milliseconds:3959.0|#WorkerName:W-9000-test_model_1.0,Level:Host|#hostname:ps2sxr1b9,timestamp:1695240605
2023-09-20T20:10:05,939 - WorkerThreadTime.Milliseconds:30.0|#Level:Host|#hostname:ps2sxr1b9,timestamp:1695240605
2023-09-20T20:10:05,988 - Requests5XX.Count:1.0|#Level:Host|#hostname:ps2sxr1b9,timestamp:1695240605
2023-09-20T20:10:05,989 - WorkerThreadTime.Milliseconds:8.0|#Level:Host|#hostname:ps2sxr1b9,timestamp:1695240605
2023-09-20T20:10:48,134 - ts_inference_requests_total.Count:1.0|#model_name:test_model,model_version:default|#hostname:ps2sxr1b9,timestamp:1695240648
2023-09-20T20:10:50,216 - WorkerLoadTime.Milliseconds:3893.0|#WorkerName:W-9000-test_model_1.0,Level:Host|#hostname:ps2sxr1b9,timestamp:1695240650
2023-09-20T20:10:50,217 - WorkerThreadTime.Milliseconds:43.0|#Level:Host|#hostname:ps2sxr1b9,timestamp:1695240650
2023-09-20T20:10:50,266 - Requests5XX.Count:1.0|#Level:Host|#hostname:ps2sxr1b9,timestamp:1695240650
2023-09-20T20:10:50,267 - WorkerThreadTime.Milliseconds:8.0|#Level:Host|#hostname:ps2sxr1b9,timestamp:1695240650
2023-09-20T20:12:13,920 - WorkerLoadTime.Milliseconds:3887.0|#WorkerName:W-9000-test_model_1.0,Level:Host|#hostname:ps2sxr1b9,timestamp:1695240733
2023-09-20T20:12:13,921 - WorkerThreadTime.Milliseconds:44.0|#Level:Host|#hostname:ps2sxr1b9,timestamp:1695240733
2023-09-20T20:12:18,362 - ts_inference_requests_total.Count:1.0|#model_name:test_model,model_version:default|#hostname:ps2sxr1b9,timestamp:1695240738
2023-09-20T20:12:18,639 - Requests2XX.Count:1.0|#Level:Host|#hostname:ps2sxr1b9,timestamp:1695240738
2023-09-20T20:12:18,639 - ts_inference_latency_microseconds.Microseconds:273325.453|#model_name:test_model,model_version:default|#hostname:ps2sxr1b9,timestamp:1695240738
2023-09-20T20:12:18,640 - ts_queue_latency_microseconds.Microseconds:247.128|#model_name:test_model,model_version:default|#hostname:ps2sxr1b9,timestamp:1695240738
2023-09-20T20:12:18,640 - QueueTime.Milliseconds:0.0|#Level:Host|#hostname:ps2sxr1b9,timestamp:1695240738
2023-09-20T20:12:18,640 - WorkerThreadTime.Milliseconds:3.0|#Level:Host|#hostname:ps2sxr1b9,timestamp:1695240738
2023-09-20T20:13:11,534 - WorkerLoadTime.Milliseconds:3972.0|#WorkerName:W-9000-test_model_1.0,Level:Host|#hostname:ps2sxr1b9,timestamp:1695240791
2023-09-20T20:13:11,534 - WorkerThreadTime.Milliseconds:43.0|#Level:Host|#hostname:ps2sxr1b9,timestamp:1695240791
2023-09-20T20:14:14,078 - WorkerLoadTime.Milliseconds:4239.0|#WorkerName:W-9000-test_model_1.0,Level:Host|#hostname:ps2sxr1b9,timestamp:1695240854
2023-09-20T20:14:14,079 - WorkerThreadTime.Milliseconds:45.0|#Level:Host|#hostname:ps2sxr1b9,timestamp:1695240854
2023-09-20T20:14:18,687 - ts_inference_requests_total.Count:1.0|#model_name:test_model,model_version:default|#hostname:ps2sxr1b9,timestamp:1695240858
2023-09-20T20:14:18,928 - Requests2XX.Count:1.0|#Level:Host|#hostname:ps2sxr1b9,timestamp:1695240858
2023-09-20T20:14:18,929 - ts_inference_latency_microseconds.Microseconds:237512.819|#model_name:test_model,model_version:default|#hostname:ps2sxr1b9,timestamp:1695240858
2023-09-20T20:14:18,929 - ts_queue_latency_microseconds.Microseconds:219.645|#model_name:test_model,model_version:default|#hostname:ps2sxr1b9,timestamp:1695240858
2023-09-20T20:14:18,929 - QueueTime.Milliseconds:0.0|#Level:Host|#hostname:ps2sxr1b9,timestamp:1695240858
2023-09-20T20:14:18,930 - WorkerThreadTime.Milliseconds:4.0|#Level:Host|#hostname:ps2sxr1b9,timestamp:1695240858
2023-09-20T20:16:31,199 - ts_inference_requests_total.Count:1.0|#model_name:test_model,model_version:default|#hostname:ps2sxr1b9,timestamp:1695240991
2023-09-20T20:16:32,586 - WorkerLoadTime.Milliseconds:3894.0|#WorkerName:W-9000-test_model_1.0,Level:Host|#hostname:ps2sxr1b9,timestamp:1695240992
2023-09-20T20:16:32,587 - WorkerThreadTime.Milliseconds:39.0|#Level:Host|#hostname:ps2sxr1b9,timestamp:1695240992
2023-09-20T20:16:32,639 - Requests5XX.Count:1.0|#Level:Host|#hostname:ps2sxr1b9,timestamp:1695240992
2023-09-20T20:16:32,642 - WorkerThreadTime.Milliseconds:11.0|#Level:Host|#hostname:ps2sxr1b9,timestamp:1695240992
2023-09-20T20:19:07,066 - WorkerLoadTime.Milliseconds:4109.0|#WorkerName:W-9000-test_model_1.0,Level:Host|#hostname:ps2sxr1b9,timestamp:1695241147
2023-09-20T20:19:07,067 - WorkerThreadTime.Milliseconds:41.0|#Level:Host|#hostname:ps2sxr1b9,timestamp:1695241147
2023-09-20T20:20:40,426 - WorkerLoadTime.Milliseconds:4302.0|#WorkerName:W-9000-test_model_1.0,Level:Host|#hostname:ps2sxr1b9,timestamp:1695241240
2023-09-20T20:20:40,427 - WorkerThreadTime.Milliseconds:42.0|#Level:Host|#hostname:ps2sxr1b9,timestamp:1695241240
2023-09-20T20:20:41,845 - ts_inference_requests_total.Count:1.0|#model_name:test_model,model_version:default|#hostname:ps2sxr1b9,timestamp:1695241241
2023-09-20T20:20:41,890 - Requests5XX.Count:1.0|#Level:Host|#hostname:ps2sxr1b9,timestamp:1695241241
2023-09-20T20:20:41,893 - WorkerThreadTime.Milliseconds:17.0|#Level:Host|#hostname:ps2sxr1b9,timestamp:1695241241
2023-09-20T20:21:32,374 - WorkerLoadTime.Milliseconds:4009.0|#WorkerName:W-9000-test_model_1.0,Level:Host|#hostname:ps2sxr1b9,timestamp:1695241292
2023-09-20T20:21:32,375 - WorkerThreadTime.Milliseconds:42.0|#Level:Host|#hostname:ps2sxr1b9,timestamp:1695241292
2023-09-20T20:21:35,428 - ts_inference_requests_total.Count:1.0|#model_name:test_model,model_version:default|#hostname:ps2sxr1b9,timestamp:1695241295
2023-09-20T20:21:35,464 - Requests5XX.Count:1.0|#Level:Host|#hostname:ps2sxr1b9,timestamp:1695241295
2023-09-20T20:21:35,465 - WorkerThreadTime.Milliseconds:9.0|#Level:Host|#hostname:ps2sxr1b9,timestamp:1695241295
2023-09-20T20:22:15,985 - ts_inference_requests_total.Count:1.0|#model_name:test_model,model_version:default|#hostname:ps2sxr1b9,timestamp:1695241335
2023-09-20T20:22:18,552 - WorkerLoadTime.Milliseconds:4068.0|#WorkerName:W-9000-test_model_1.0,Level:Host|#hostname:ps2sxr1b9,timestamp:1695241338
2023-09-20T20:22:18,553 - WorkerThreadTime.Milliseconds:38.0|#Level:Host|#hostname:ps2sxr1b9,timestamp:1695241338
2023-09-20T20:22:18,587 - Requests5XX.Count:1.0|#Level:Host|#hostname:ps2sxr1b9,timestamp:1695241338
2023-09-20T20:22:18,588 - WorkerThreadTime.Milliseconds:10.0|#Level:Host|#hostname:ps2sxr1b9,timestamp:1695241338
2023-09-20T20:23:11,570 - ts_inference_requests_total.Count:1.0|#model_name:test_model,model_version:default|#hostname:ps2sxr1b9,timestamp:1695241391
2023-09-20T20:23:14,223 - WorkerLoadTime.Milliseconds:4484.0|#WorkerName:W-9000-test_model_1.0,Level:Host|#hostname:ps2sxr1b9,timestamp:1695241394
2023-09-20T20:23:14,223 - WorkerThreadTime.Milliseconds:39.0|#Level:Host|#hostname:ps2sxr1b9,timestamp:1695241394
2023-09-20T20:23:14,477 - Requests5XX.Count:1.0|#Level:Host|#hostname:ps2sxr1b9,timestamp:1695241394
2023-09-20T20:23:14,479 - WorkerThreadTime.Milliseconds:8.0|#Level:Host|#hostname:ps2sxr1b9,timestamp:1695241394
2023-09-20T20:24:03,522 - WorkerLoadTime.Milliseconds:3960.0|#WorkerName:W-9000-test_model_1.0,Level:Host|#hostname:ps2sxr1b9,timestamp:1695241443
2023-09-20T20:24:03,522 - WorkerThreadTime.Milliseconds:51.0|#Level:Host|#hostname:ps2sxr1b9,timestamp:1695241443
2023-09-20T20:25:23,727 - ts_inference_requests_total.Count:1.0|#model_name:test_model,model_version:default|#hostname:ps2sxr1b9,timestamp:1695241523
2023-09-20T20:25:23,977 - Requests5XX.Count:1.0|#Level:Host|#hostname:ps2sxr1b9,timestamp:1695241523
2023-09-20T20:25:23,978 - WorkerThreadTime.Milliseconds:8.0|#Level:Host|#hostname:ps2sxr1b9,timestamp:1695241523
2023-09-20T20:26:17,868 - ts_inference_requests_total.Count:1.0|#model_name:test_model,model_version:default|#hostname:ps2sxr1b9,timestamp:1695241577
2023-09-20T20:26:20,715 - WorkerLoadTime.Milliseconds:4028.0|#WorkerName:W-9000-test_model_1.0,Level:Host|#hostname:ps2sxr1b9,timestamp:1695241580
2023-09-20T20:26:20,716 - WorkerThreadTime.Milliseconds:39.0|#Level:Host|#hostname:ps2sxr1b9,timestamp:1695241580
2023-09-20T20:26:20,949 - Requests5XX.Count:1.0|#Level:Host|#hostname:ps2sxr1b9,timestamp:1695241580
2023-09-20T20:26:20,950 - WorkerThreadTime.Milliseconds:8.0|#Level:Host|#hostname:ps2sxr1b9,timestamp:1695241580
2023-09-20T20:27:13,970 - WorkerLoadTime.Milliseconds:4013.0|#WorkerName:W-9000-test_model_1.0,Level:Host|#hostname:ps2sxr1b9,timestamp:1695241633
2023-09-20T20:27:13,971 - WorkerThreadTime.Milliseconds:41.0|#Level:Host|#hostname:ps2sxr1b9,timestamp:1695241633
2023-09-20T20:27:18,093 - ts_inference_requests_total.Count:1.0|#model_name:test_model,model_version:default|#hostname:ps2sxr1b9,timestamp:1695241638
2023-09-20T20:27:18,325 - Requests5XX.Count:1.0|#Level:Host|#hostname:ps2sxr1b9,timestamp:1695241638
2023-09-20T20:27:18,327 - WorkerThreadTime.Milliseconds:10.0|#Level:Host|#hostname:ps2sxr1b9,timestamp:1695241638
2023-09-20T20:31:49,170 - ts_inference_requests_total.Count:1.0|#model_name:test_model,model_version:default|#hostname:ps2sxr1b9,timestamp:1695241909
2023-09-20T20:31:52,134 - WorkerLoadTime.Milliseconds:3975.0|#WorkerName:W-9000-test_model_1.0,Level:Host|#hostname:ps2sxr1b9,timestamp:1695241912
2023-09-20T20:31:52,135 - WorkerThreadTime.Milliseconds:27.0|#Level:Host|#hostname:ps2sxr1b9,timestamp:1695241912
2023-09-20T20:31:52,395 - Requests5XX.Count:1.0|#Level:Host|#hostname:ps2sxr1b9,timestamp:1695241912
2023-09-20T20:31:52,396 - WorkerThreadTime.Milliseconds:9.0|#Level:Host|#hostname:ps2sxr1b9,timestamp:1695241912
2023-09-20T20:33:34,873 - ts_inference_requests_total.Count:1.0|#model_name:test_model,model_version:default|#hostname:ps2sxr1b9,timestamp:1695242014
2023-09-20T20:33:37,754 - WorkerLoadTime.Milliseconds:3990.0|#WorkerName:W-9000-test_model_1.0,Level:Host|#hostname:ps2sxr1b9,timestamp:1695242017
2023-09-20T20:33:37,755 - WorkerThreadTime.Milliseconds:41.0|#Level:Host|#hostname:ps2sxr1b9,timestamp:1695242017
2023-09-20T20:33:38,006 - Requests5XX.Count:1.0|#Level:Host|#hostname:ps2sxr1b9,timestamp:1695242018
2023-09-20T20:33:38,007 - WorkerThreadTime.Milliseconds:10.0|#Level:Host|#hostname:ps2sxr1b9,timestamp:1695242018
2023-09-20T20:34:39,436 - ts_inference_requests_total.Count:1.0|#model_name:test_model,model_version:default|#hostname:ps2sxr1b9,timestamp:1695242079
2023-09-20T20:34:42,694 - WorkerLoadTime.Milliseconds:4021.0|#WorkerName:W-9000-test_model_1.0,Level:Host|#hostname:ps2sxr1b9,timestamp:1695242082
2023-09-20T20:34:42,695 - WorkerThreadTime.Milliseconds:29.0|#Level:Host|#hostname:ps2sxr1b9,timestamp:1695242082
2023-09-20T20:34:42,932 - Requests5XX.Count:1.0|#Level:Host|#hostname:ps2sxr1b9,timestamp:1695242082
2023-09-20T20:34:42,934 - WorkerThreadTime.Milliseconds:10.0|#Level:Host|#hostname:ps2sxr1b9,timestamp:1695242082
2023-09-20T20:35:50,494 - WorkerLoadTime.Milliseconds:4096.0|#WorkerName:W-9000-test_model_1.0,Level:Host|#hostname:ps2sxr1b9,timestamp:1695242150
2023-09-20T20:35:50,495 - WorkerThreadTime.Milliseconds:43.0|#Level:Host|#hostname:ps2sxr1b9,timestamp:1695242150
2023-09-20T20:37:40,870 - ts_inference_requests_total.Count:1.0|#model_name:test_model,model_version:default|#hostname:ps2sxr1b9,timestamp:1695242260
2023-09-20T20:37:41,127 - Requests5XX.Count:1.0|#Level:Host|#hostname:ps2sxr1b9,timestamp:1695242261
2023-09-20T20:37:41,133 - WorkerThreadTime.Milliseconds:14.0|#Level:Host|#hostname:ps2sxr1b9,timestamp:1695242261
2023-09-20T20:40:18,053 - WorkerLoadTime.Milliseconds:4057.0|#WorkerName:W-9000-test_model_1.0,Level:Host|#hostname:ps2sxr1b9,timestamp:1695242418
2023-09-20T20:40:18,054 - WorkerThreadTime.Milliseconds:48.0|#Level:Host|#hostname:ps2sxr1b9,timestamp:1695242418
2023-09-20T20:41:29,131 - ts_inference_requests_total.Count:1.0|#model_name:test_model,model_version:default|#hostname:ps2sxr1b9,timestamp:1695242489
2023-09-20T20:41:29,602 - WorkerLoadTime.Milliseconds:3970.0|#WorkerName:W-9000-test_model_1.0,Level:Host|#hostname:ps2sxr1b9,timestamp:1695242489
2023-09-20T20:41:29,603 - WorkerThreadTime.Milliseconds:46.0|#Level:Host|#hostname:ps2sxr1b9,timestamp:1695242489
2023-09-20T20:41:29,822 - Requests5XX.Count:1.0|#Level:Host|#hostname:ps2sxr1b9,timestamp:1695242489
2023-09-20T20:41:29,825 - WorkerThreadTime.Milliseconds:10.0|#Level:Host|#hostname:ps2sxr1b9,timestamp:1695242489
2023-09-20T20:42:25,243 - WorkerLoadTime.Milliseconds:4349.0|#WorkerName:W-9000-test_model_1.0,Level:Host|#hostname:ps2sxr1b9,timestamp:1695242545
2023-09-20T20:42:25,243 - WorkerThreadTime.Milliseconds:49.0|#Level:Host|#hostname:ps2sxr1b9,timestamp:1695242545
2023-09-20T20:43:07,836 - ts_inference_requests_total.Count:1.0|#model_name:test_model,model_version:default|#hostname:ps2sxr1b9,timestamp:1695242587
2023-09-20T20:43:08,084 - Requests5XX.Count:1.0|#Level:Host|#hostname:ps2sxr1b9,timestamp:1695242588
2023-09-20T20:43:08,085 - WorkerThreadTime.Milliseconds:11.0|#Level:Host|#hostname:ps2sxr1b9,timestamp:1695242588
2023-09-20T20:44:13,160 - WorkerLoadTime.Milliseconds:3944.0|#WorkerName:W-9000-test_model_1.0,Level:Host|#hostname:ps2sxr1b9,timestamp:1695242653
2023-09-20T20:44:13,161 - WorkerThreadTime.Milliseconds:45.0|#Level:Host|#hostname:ps2sxr1b9,timestamp:1695242653
2023-09-20T20:44:53,121 - ts_inference_requests_total.Count:1.0|#model_name:test_model,model_version:default|#hostname:ps2sxr1b9,timestamp:1695242693
2023-09-20T20:44:53,393 - Requests5XX.Count:1.0|#Level:Host|#hostname:ps2sxr1b9,timestamp:1695242693
2023-09-20T20:44:53,394 - WorkerThreadTime.Milliseconds:10.0|#Level:Host|#hostname:ps2sxr1b9,timestamp:1695242693
2023-09-20T20:46:09,423 - WorkerLoadTime.Milliseconds:4239.0|#WorkerName:W-9000-test_model_1.0,Level:Host|#hostname:ps2sxr1b9,timestamp:1695242769
2023-09-20T20:46:09,424 - WorkerThreadTime.Milliseconds:45.0|#Level:Host|#hostname:ps2sxr1b9,timestamp:1695242769
2023-09-20T20:46:09,849 - ts_inference_requests_total.Count:1.0|#model_name:test_model,model_version:default|#hostname:ps2sxr1b9,timestamp:1695242769
2023-09-20T20:46:10,102 - Requests5XX.Count:1.0|#Level:Host|#hostname:ps2sxr1b9,timestamp:1695242770
2023-09-20T20:46:10,106 - WorkerThreadTime.Milliseconds:12.0|#Level:Host|#hostname:ps2sxr1b9,timestamp:1695242770
2023-09-20T20:47:42,674 - WorkerLoadTime.Milliseconds:4143.0|#WorkerName:W-9000-test_model_1.0,Level:Host|#hostname:ps2sxr1b9,timestamp:1695242862
2023-09-20T20:47:42,675 - WorkerThreadTime.Milliseconds:46.0|#Level:Host|#hostname:ps2sxr1b9,timestamp:1695242862
2023-09-20T20:48:15,500 - ts_inference_requests_total.Count:1.0|#model_name:test_model,model_version:default|#hostname:ps2sxr1b9,timestamp:1695242895
2023-09-20T20:48:15,765 - Requests5XX.Count:1.0|#Level:Host|#hostname:ps2sxr1b9,timestamp:1695242895
2023-09-20T20:48:15,767 - WorkerThreadTime.Milliseconds:11.0|#Level:Host|#hostname:ps2sxr1b9,timestamp:1695242895
2023-09-20T20:49:25,595 - WorkerLoadTime.Milliseconds:4031.0|#WorkerName:W-9000-test_model_1.0,Level:Host|#hostname:ps2sxr1b9,timestamp:1695242965
2023-09-20T20:49:25,596 - WorkerThreadTime.Milliseconds:45.0|#Level:Host|#hostname:ps2sxr1b9,timestamp:1695242965
2023-09-20T20:49:39,335 - ts_inference_requests_total.Count:1.0|#model_name:test_model,model_version:default|#hostname:ps2sxr1b9,timestamp:1695242979
2023-09-20T20:49:39,580 - Requests5XX.Count:1.0|#Level:Host|#hostname:ps2sxr1b9,timestamp:1695242979
2023-09-20T20:49:39,583 - WorkerThreadTime.Milliseconds:13.0|#Level:Host|#hostname:ps2sxr1b9,timestamp:1695242979
2023-09-20T20:50:25,914 - WorkerLoadTime.Milliseconds:4000.0|#WorkerName:W-9000-test_model_1.0,Level:Host|#hostname:ps2sxr1b9,timestamp:1695243025
2023-09-20T20:50:25,915 - WorkerThreadTime.Milliseconds:43.0|#Level:Host|#hostname:ps2sxr1b9,timestamp:1695243025
2023-09-20T20:50:34,801 - ts_inference_requests_total.Count:1.0|#model_name:test_model,model_version:default|#hostname:ps2sxr1b9,timestamp:1695243034
2023-09-20T20:50:35,047 - Requests2XX.Count:1.0|#Level:Host|#hostname:ps2sxr1b9,timestamp:1695243035
2023-09-20T20:50:35,047 - ts_inference_latency_microseconds.Microseconds:241617.73|#model_name:test_model,model_version:default|#hostname:ps2sxr1b9,timestamp:1695243035
2023-09-20T20:50:35,047 - ts_queue_latency_microseconds.Microseconds:332.304|#model_name:test_model,model_version:default|#hostname:ps2sxr1b9,timestamp:1695243035
2023-09-20T20:50:35,048 - QueueTime.Milliseconds:0.0|#Level:Host|#hostname:ps2sxr1b9,timestamp:1695243035
2023-09-20T20:50:35,048 - WorkerThreadTime.Milliseconds:5.0|#Level:Host|#hostname:ps2sxr1b9,timestamp:1695243035
2023-09-20T20:51:46,205 - WorkerLoadTime.Milliseconds:3969.0|#WorkerName:W-9000-test_model_1.0,Level:Host|#hostname:ps2sxr1b9,timestamp:1695243106
2023-09-20T20:51:46,206 - WorkerThreadTime.Milliseconds:48.0|#Level:Host|#hostname:ps2sxr1b9,timestamp:1695243106
2023-09-20T20:52:03,172 - ts_inference_requests_total.Count:1.0|#model_name:test_model,model_version:default|#hostname:ps2sxr1b9,timestamp:1695243123
2023-09-20T20:52:03,409 - Requests2XX.Count:1.0|#Level:Host|#hostname:ps2sxr1b9,timestamp:1695243123
2023-09-20T20:52:03,409 - ts_inference_latency_microseconds.Microseconds:227571.769|#model_name:test_model,model_version:default|#hostname:ps2sxr1b9,timestamp:1695243123
2023-09-20T20:52:03,410 - ts_queue_latency_microseconds.Microseconds:167.081|#model_name:test_model,model_version:default|#hostname:ps2sxr1b9,timestamp:1695243123
2023-09-20T20:52:03,410 - QueueTime.Milliseconds:0.0|#Level:Host|#hostname:ps2sxr1b9,timestamp:1695243123
2023-09-20T20:52:03,411 - WorkerThreadTime.Milliseconds:6.0|#Level:Host|#hostname:ps2sxr1b9,timestamp:1695243123
2023-09-20T20:54:26,533 - ts_inference_requests_total.Count:1.0|#model_name:test_model,model_version:default|#hostname:ps2sxr1b9,timestamp:1695243266
2023-09-20T20:54:26,586 - Requests2XX.Count:1.0|#Level:Host|#hostname:ps2sxr1b9,timestamp:1695243266
2023-09-20T20:54:26,587 - ts_inference_latency_microseconds.Microseconds:51828.801|#model_name:test_model,model_version:default|#hostname:ps2sxr1b9,timestamp:1695243266
2023-09-20T20:54:26,587 - ts_queue_latency_microseconds.Microseconds:138.255|#model_name:test_model,model_version:default|#hostname:ps2sxr1b9,timestamp:1695243266
2023-09-20T20:54:26,587 - QueueTime.Milliseconds:0.0|#Level:Host|#hostname:ps2sxr1b9,timestamp:1695243266
2023-09-20T20:54:26,588 - WorkerThreadTime.Milliseconds:3.0|#Level:Host|#hostname:ps2sxr1b9,timestamp:1695243266
2023-09-20T20:54:31,329 - ts_inference_requests_total.Count:1.0|#model_name:test_model,model_version:default|#hostname:ps2sxr1b9,timestamp:1695243271
2023-09-20T20:54:31,366 - Requests2XX.Count:1.0|#Level:Host|#hostname:ps2sxr1b9,timestamp:1695243271
2023-09-20T20:54:31,367 - ts_inference_latency_microseconds.Microseconds:34445.611|#model_name:test_model,model_version:default|#hostname:ps2sxr1b9,timestamp:1695243271
2023-09-20T20:54:31,367 - ts_queue_latency_microseconds.Microseconds:1418.75|#model_name:test_model,model_version:default|#hostname:ps2sxr1b9,timestamp:1695243271
2023-09-20T20:54:31,367 - QueueTime.Milliseconds:1.0|#Level:Host|#hostname:ps2sxr1b9,timestamp:1695243271
2023-09-20T20:54:31,368 - WorkerThreadTime.Milliseconds:5.0|#Level:Host|#hostname:ps2sxr1b9,timestamp:1695243271
2023-09-20T20:54:32,986 - ts_inference_requests_total.Count:1.0|#model_name:test_model,model_version:default|#hostname:ps2sxr1b9,timestamp:1695243272
2023-09-20T20:54:33,020 - Requests2XX.Count:1.0|#Level:Host|#hostname:ps2sxr1b9,timestamp:1695243273
2023-09-20T20:54:33,020 - ts_inference_latency_microseconds.Microseconds:33245.831|#model_name:test_model,model_version:default|#hostname:ps2sxr1b9,timestamp:1695243273
2023-09-20T20:54:33,021 - ts_queue_latency_microseconds.Microseconds:164.972|#model_name:test_model,model_version:default|#hostname:ps2sxr1b9,timestamp:1695243273
2023-09-20T20:54:33,021 - QueueTime.Milliseconds:0.0|#Level:Host|#hostname:ps2sxr1b9,timestamp:1695243273
2023-09-20T20:54:33,021 - WorkerThreadTime.Milliseconds:3.0|#Level:Host|#hostname:ps2sxr1b9,timestamp:1695243273
